[validation/survival] N=300 db=A2.2 b=1 model=lifelines_cox subset=fs_cv n_rows=415 n_features=12
[validation/survival] seed=1 (1/5) starting...
/home/mliao/miniconda3/envs/mldashboard/lib/python3.10/site-packages/lifelines/fitters/coxph_fitter.py:1614: ConvergenceWarning: Newton-Raphson failed to converge sufficiently. Please see the following tips in the lifelines documentation: https://lifelines.readthedocs.io/en/latest/Examples.html#problems-with-convergence-in-the-cox-proportional-hazard-model
  warnings.warn(
[validation/survival] seed=1 done in 23.9s — test_c_index=0.778
[validation/survival] seed=2 (2/5) starting...
/home/mliao/miniconda3/envs/mldashboard/lib/python3.10/site-packages/lifelines/fitters/coxph_fitter.py:1614: ConvergenceWarning: Newton-Raphson failed to converge sufficiently. Please see the following tips in the lifelines documentation: https://lifelines.readthedocs.io/en/latest/Examples.html#problems-with-convergence-in-the-cox-proportional-hazard-model
  warnings.warn(
/home/mliao/miniconda3/envs/mldashboard/lib/python3.10/site-packages/lifelines/fitters/coxph_fitter.py:1614: ConvergenceWarning: Newton-Raphson failed to converge sufficiently. Please see the following tips in the lifelines documentation: https://lifelines.readthedocs.io/en/latest/Examples.html#problems-with-convergence-in-the-cox-proportional-hazard-model
  warnings.warn(
[validation/survival] seed=2 done in 26.4s — test_c_index=0.743
[validation/survival] seed=3 (3/5) starting...
/home/mliao/miniconda3/envs/mldashboard/lib/python3.10/site-packages/lifelines/fitters/coxph_fitter.py:1614: ConvergenceWarning: Newton-Raphson failed to converge sufficiently. Please see the following tips in the lifelines documentation: https://lifelines.readthedocs.io/en/latest/Examples.html#problems-with-convergence-in-the-cox-proportional-hazard-model
  warnings.warn(
/home/mliao/miniconda3/envs/mldashboard/lib/python3.10/site-packages/lifelines/fitters/coxph_fitter.py:1614: ConvergenceWarning: Newton-Raphson failed to converge sufficiently. Please see the following tips in the lifelines documentation: https://lifelines.readthedocs.io/en/latest/Examples.html#problems-with-convergence-in-the-cox-proportional-hazard-model
  warnings.warn(
/home/mliao/miniconda3/envs/mldashboard/lib/python3.10/site-packages/lifelines/fitters/coxph_fitter.py:1614: ConvergenceWarning: Newton-Raphson failed to converge sufficiently. Please see the following tips in the lifelines documentation: https://lifelines.readthedocs.io/en/latest/Examples.html#problems-with-convergence-in-the-cox-proportional-hazard-model
  warnings.warn(
/home/mliao/miniconda3/envs/mldashboard/lib/python3.10/site-packages/lifelines/fitters/coxph_fitter.py:1614: ConvergenceWarning: Newton-Raphson failed to converge sufficiently. Please see the following tips in the lifelines documentation: https://lifelines.readthedocs.io/en/latest/Examples.html#problems-with-convergence-in-the-cox-proportional-hazard-model
  warnings.warn(
/home/mliao/miniconda3/envs/mldashboard/lib/python3.10/site-packages/lifelines/fitters/coxph_fitter.py:1614: ConvergenceWarning: Newton-Raphson failed to converge sufficiently. Please see the following tips in the lifelines documentation: https://lifelines.readthedocs.io/en/latest/Examples.html#problems-with-convergence-in-the-cox-proportional-hazard-model
  warnings.warn(
/home/mliao/miniconda3/envs/mldashboard/lib/python3.10/site-packages/lifelines/fitters/coxph_fitter.py:1614: ConvergenceWarning: Newton-Raphson failed to converge sufficiently. Please see the following tips in the lifelines documentation: https://lifelines.readthedocs.io/en/latest/Examples.html#problems-with-convergence-in-the-cox-proportional-hazard-model
  warnings.warn(
/home/mliao/miniconda3/envs/mldashboard/lib/python3.10/site-packages/lifelines/fitters/coxph_fitter.py:1614: ConvergenceWarning: Newton-Raphson failed to converge sufficiently. Please see the following tips in the lifelines documentation: https://lifelines.readthedocs.io/en/latest/Examples.html#problems-with-convergence-in-the-cox-proportional-hazard-model
  warnings.warn(
[validation/survival] seed=3 done in 27.8s — test_c_index=0.760
[validation/survival] seed=4 (4/5) starting...
/home/mliao/miniconda3/envs/mldashboard/lib/python3.10/site-packages/lifelines/fitters/coxph_fitter.py:1614: ConvergenceWarning: Newton-Raphson failed to converge sufficiently. Please see the following tips in the lifelines documentation: https://lifelines.readthedocs.io/en/latest/Examples.html#problems-with-convergence-in-the-cox-proportional-hazard-model
  warnings.warn(
[validation/survival] seed=4 done in 25.7s — test_c_index=0.771
[validation/survival] seed=5 (5/5) starting...
[validation/survival] seed=5 done in 21.6s — test_c_index=0.706
[validation/survival] DONE — runtime=125.5s — see /mnt/data/mliao/battery-ml-workbench/new_5cycle_ml/cell_lifetime/out/runs/survival/lifelines_cox__survival__N300__A2.2_b1__fs_cv__20260516T235647Z
